<?xml version="1.0" encoding="UTF-8"?>
<testsuite xmlns:xsi="http://www.w3.org/2001/XMLSchema-instance" xsi:noNamespaceSchemaLocation="https://maven.apache.org/surefire/maven-surefire-plugin/xsd/surefire-test-report.xsd" name="com.moulali.jenkinsdemo.JenkinsDemoApplicationTests" time="8.1" tests="1" errors="0" skipped="0" failures="0">
  <properties>
    <property name="sun.desktop" value="windows"/>
    <property name="awt.toolkit" value="sun.awt.windows.WToolkit"/>
    <property name="file.encoding.pkg" value="sun.io"/>
    <property name="java.specification.version" value="1.8"/>
    <property name="sun.cpu.isalist" value="amd64"/>
    <property name="sun.jnu.encoding" value="Cp1252"/>
    <property name="java.class.path" value="E:\jenkins\jenkins-demo\target\test-classes;E:\jenkins\jenkins-demo\target\classes;C:\WINDOWS\system32\config\systemprofile\.m2\repository\org\springframework\boot\spring-boot-starter-web\2.4.2\spring-boot-starter-web-2.4.2.jar;C:\WINDOWS\system32\config\systemprofile\.m2\repository\org\springframework\boot\spring-boot-starter\2.4.2\spring-boot-starter-2.4.2.jar;C:\WINDOWS\system32\config\systemprofile\.m2\repository\org\springframework\boot\spring-boot-starter-logging\2.4.2\spring-boot-starter-logging-2.4.2.jar;C:\WINDOWS\system32\config\systemprofile\.m2\repository\ch\qos\logback\logback-classic\1.2.3\logback-classic-1.2.3.jar;C:\WINDOWS\system32\config\systemprofile\.m2\repository\ch\qos\logback\logback-core\1.2.3\logback-core-1.2.3.jar;C:\WINDOWS\system32\config\systemprofile\.m2\repository\org\apache\logging\log4j\log4j-to-slf4j\2.13.3\log4j-to-slf4j-2.13.3.jar;C:\WINDOWS\system32\config\systemprofile\.m2\repository\org\apache\logging\log4j\log4j-api\2.13.3\log4j-api-2.13.3.jar;C:\WINDOWS\system32\config\systemprofile\.m2\repository\org\slf4j\jul-to-slf4j\1.7.30\jul-to-slf4j-1.7.30.jar;C:\WINDOWS\system32\config\systemprofile\.m2\repository\jakarta\annotation\jakarta.annotation-api\1.3.5\jakarta.annotation-api-1.3.5.jar;C:\WINDOWS\system32\config\systemprofile\.m2\repository\org\yaml\snakeyaml\1.27\snakeyaml-1.27.jar;C:\WINDOWS\system32\config\systemprofile\.m2\repository\org\springframework\boot\spring-boot-starter-json\2.4.2\spring-boot-starter-json-2.4.2.jar;C:\WINDOWS\system32\config\systemprofile\.m2\repository\com\fasterxml\jackson\core\jackson-databind\2.11.4\jackson-databind-2.11.4.jar;C:\WINDOWS\system32\config\systemprofile\.m2\repository\com\fasterxml\jackson\core\jackson-annotations\2.11.4\jackson-annotations-2.11.4.jar;C:\WINDOWS\system32\config\systemprofile\.m2\repository\com\fasterxml\jackson\core\jackson-core\2.11.4\jackson-core-2.11.4.jar;C:\WINDOWS\system32\config\systemprofile\.m2\repository\com\fasterxml\jackson\datatype\jackson-datatype-jdk8\2.11.4\jackson-datatype-jdk8-2.11.4.jar;C:\WINDOWS\system32\config\systemprofile\.m2\repository\com\fasterxml\jackson\datatype\jackson-datatype-jsr310\2.11.4\jackson-datatype-jsr310-2.11.4.jar;C:\WINDOWS\system32\config\systemprofile\.m2\repository\com\fasterxml\jackson\module\jackson-module-parameter-names\2.11.4\jackson-module-parameter-names-2.11.4.jar;C:\WINDOWS\system32\config\systemprofile\.m2\repository\org\springframework\boot\spring-boot-starter-tomcat\2.4.2\spring-boot-starter-tomcat-2.4.2.jar;C:\WINDOWS\system32\config\systemprofile\.m2\repository\org\apache\tomcat\embed\tomcat-embed-core\9.0.41\tomcat-embed-core-9.0.41.jar;C:\WINDOWS\system32\config\systemprofile\.m2\repository\org\glassfish\jakarta.el\3.0.3\jakarta.el-3.0.3.jar;C:\WINDOWS\system32\config\systemprofile\.m2\repository\org\apache\tomcat\embed\tomcat-embed-websocket\9.0.41\tomcat-embed-websocket-9.0.41.jar;C:\WINDOWS\system32\config\systemprofile\.m2\repository\org\springframework\spring-web\5.3.3\spring-web-5.3.3.jar;C:\WINDOWS\system32\config\systemprofile\.m2\repository\org\springframework\spring-beans\5.3.3\spring-beans-5.3.3.jar;C:\WINDOWS\system32\config\systemprofile\.m2\repository\org\springframework\spring-webmvc\5.3.3\spring-webmvc-5.3.3.jar;C:\WINDOWS\system32\config\systemprofile\.m2\repository\org\springframework\spring-aop\5.3.3\spring-aop-5.3.3.jar;C:\WINDOWS\system32\config\systemprofile\.m2\repository\org\springframework\spring-context\5.3.3\spring-context-5.3.3.jar;C:\WINDOWS\system32\config\systemprofile\.m2\repository\org\springframework\spring-expression\5.3.3\spring-expression-5.3.3.jar;C:\WINDOWS\system32\config\systemprofile\.m2\repository\org\springframework\boot\spring-boot-devtools\2.4.2\spring-boot-devtools-2.4.2.jar;C:\WINDOWS\system32\config\systemprofile\.m2\repository\org\springframework\boot\spring-boot\2.4.2\spring-boot-2.4.2.jar;C:\WINDOWS\system32\config\systemprofile\.m2\repository\org\springframework\boot\spring-boot-autoconfigure\2.4.2\spring-boot-autoconfigure-2.4.2.jar;C:\WINDOWS\system32\config\systemprofile\.m2\repository\org\springframework\boot\spring-boot-starter-test\2.4.2\spring-boot-starter-test-2.4.2.jar;C:\WINDOWS\system32\config\systemprofile\.m2\repository\org\springframework\boot\spring-boot-test\2.4.2\spring-boot-test-2.4.2.jar;C:\WINDOWS\system32\config\systemprofile\.m2\repository\org\springframework\boot\spring-boot-test-autoconfigure\2.4.2\spring-boot-test-autoconfigure-2.4.2.jar;C:\WINDOWS\system32\config\systemprofile\.m2\repository\com\jayway\jsonpath\json-path\2.4.0\json-path-2.4.0.jar;C:\WINDOWS\system32\config\systemprofile\.m2\repository\net\minidev\json-smart\2.3\json-smart-2.3.jar;C:\WINDOWS\system32\config\systemprofile\.m2\repository\net\minidev\accessors-smart\1.2\accessors-smart-1.2.jar;C:\WINDOWS\system32\config\systemprofile\.m2\repository\org\ow2\asm\asm\5.0.4\asm-5.0.4.jar;C:\WINDOWS\system32\config\systemprofile\.m2\repository\org\slf4j\slf4j-api\1.7.30\slf4j-api-1.7.30.jar;C:\WINDOWS\system32\config\systemprofile\.m2\repository\jakarta\xml\bind\jakarta.xml.bind-api\2.3.3\jakarta.xml.bind-api-2.3.3.jar;C:\WINDOWS\system32\config\systemprofile\.m2\repository\jakarta\activation\jakarta.activation-api\1.2.2\jakarta.activation-api-1.2.2.jar;C:\WINDOWS\system32\config\systemprofile\.m2\repository\org\assertj\assertj-core\3.18.1\assertj-core-3.18.1.jar;C:\WINDOWS\system32\config\systemprofile\.m2\repository\org\hamcrest\hamcrest\2.2\hamcrest-2.2.jar;C:\WINDOWS\system32\config\systemprofile\.m2\repository\org\junit\jupiter\junit-jupiter\5.7.0\junit-jupiter-5.7.0.jar;C:\WINDOWS\system32\config\systemprofile\.m2\repository\org\junit\jupiter\junit-jupiter-api\5.7.0\junit-jupiter-api-5.7.0.jar;C:\WINDOWS\system32\config\systemprofile\.m2\repository\org\apiguardian\apiguardian-api\1.1.0\apiguardian-api-1.1.0.jar;C:\WINDOWS\system32\config\systemprofile\.m2\repository\org\opentest4j\opentest4j\1.2.0\opentest4j-1.2.0.jar;C:\WINDOWS\system32\config\systemprofile\.m2\repository\org\junit\platform\junit-platform-commons\1.7.0\junit-platform-commons-1.7.0.jar;C:\WINDOWS\system32\config\systemprofile\.m2\repository\org\junit\jupiter\junit-jupiter-params\5.7.0\junit-jupiter-params-5.7.0.jar;C:\WINDOWS\system32\config\systemprofile\.m2\repository\org\junit\jupiter\junit-jupiter-engine\5.7.0\junit-jupiter-engine-5.7.0.jar;C:\WINDOWS\system32\config\systemprofile\.m2\repository\org\junit\platform\junit-platform-engine\1.7.0\junit-platform-engine-1.7.0.jar;C:\WINDOWS\system32\config\systemprofile\.m2\repository\org\mockito\mockito-core\3.6.28\mockito-core-3.6.28.jar;C:\WINDOWS\system32\config\systemprofile\.m2\repository\net\bytebuddy\byte-buddy\1.10.19\byte-buddy-1.10.19.jar;C:\WINDOWS\system32\config\systemprofile\.m2\repository\net\bytebuddy\byte-buddy-agent\1.10.19\byte-buddy-agent-1.10.19.jar;C:\WINDOWS\system32\config\systemprofile\.m2\repository\org\objenesis\objenesis\3.1\objenesis-3.1.jar;C:\WINDOWS\system32\config\systemprofile\.m2\repository\org\mockito\mockito-junit-jupiter\3.6.28\mockito-junit-jupiter-3.6.28.jar;C:\WINDOWS\system32\config\systemprofile\.m2\repository\org\skyscreamer\jsonassert\1.5.0\jsonassert-1.5.0.jar;C:\WINDOWS\system32\config\systemprofile\.m2\repository\com\vaadin\external\google\android-json\0.0.20131108.vaadin1\android-json-0.0.20131108.vaadin1.jar;C:\WINDOWS\system32\config\systemprofile\.m2\repository\org\springframework\spring-core\5.3.3\spring-core-5.3.3.jar;C:\WINDOWS\system32\config\systemprofile\.m2\repository\org\springframework\spring-jcl\5.3.3\spring-jcl-5.3.3.jar;C:\WINDOWS\system32\config\systemprofile\.m2\repository\org\springframework\spring-test\5.3.3\spring-test-5.3.3.jar;C:\WINDOWS\system32\config\systemprofile\.m2\repository\org\xmlunit\xmlunit-core\2.7.0\xmlunit-core-2.7.0.jar;"/>
    <property name="java.vm.vendor" value="Oracle Corporation"/>
    <property name="sun.arch.data.model" value="64"/>
    <property name="user.variant" value=""/>
    <property name="java.vendor.url" value="http://java.oracle.com/"/>
    <property name="user.timezone" value="Asia/Calcutta"/>
    <property name="java.vm.specification.version" value="1.8"/>
    <property name="os.name" value="Windows 10"/>
    <property name="user.country" value="US"/>
    <property name="sun.java.launcher" value="SUN_STANDARD"/>
    <property name="sun.boot.library.path" value="C:\Program Files\Java\jdk1.8.0_201\jre\bin"/>
    <property name="sun.java.command" value="C:\WINDOWS\TEMP\surefire3403048837022415356\surefirebooter2252428706664020129.jar C:\Windows\Temp\surefire3403048837022415356 2021-01-18T16-16-42_044-jvmRun1 surefire5167549885926277327tmp surefire_02906316869721843947tmp"/>
    <property name="surefire.test.class.path" value="E:\jenkins\jenkins-demo\target\test-classes;E:\jenkins\jenkins-demo\target\classes;C:\WINDOWS\system32\config\systemprofile\.m2\repository\org\springframework\boot\spring-boot-starter-web\2.4.2\spring-boot-starter-web-2.4.2.jar;C:\WINDOWS\system32\config\systemprofile\.m2\repository\org\springframework\boot\spring-boot-starter\2.4.2\spring-boot-starter-2.4.2.jar;C:\WINDOWS\system32\config\systemprofile\.m2\repository\org\springframework\boot\spring-boot-starter-logging\2.4.2\spring-boot-starter-logging-2.4.2.jar;C:\WINDOWS\system32\config\systemprofile\.m2\repository\ch\qos\logback\logback-classic\1.2.3\logback-classic-1.2.3.jar;C:\WINDOWS\system32\config\systemprofile\.m2\repository\ch\qos\logback\logback-core\1.2.3\logback-core-1.2.3.jar;C:\WINDOWS\system32\config\systemprofile\.m2\repository\org\apache\logging\log4j\log4j-to-slf4j\2.13.3\log4j-to-slf4j-2.13.3.jar;C:\WINDOWS\system32\config\systemprofile\.m2\repository\org\apache\logging\log4j\log4j-api\2.13.3\log4j-api-2.13.3.jar;C:\WINDOWS\system32\config\systemprofile\.m2\repository\org\slf4j\jul-to-slf4j\1.7.30\jul-to-slf4j-1.7.30.jar;C:\WINDOWS\system32\config\systemprofile\.m2\repository\jakarta\annotation\jakarta.annotation-api\1.3.5\jakarta.annotation-api-1.3.5.jar;C:\WINDOWS\system32\config\systemprofile\.m2\repository\org\yaml\snakeyaml\1.27\snakeyaml-1.27.jar;C:\WINDOWS\system32\config\systemprofile\.m2\repository\org\springframework\boot\spring-boot-starter-json\2.4.2\spring-boot-starter-json-2.4.2.jar;C:\WINDOWS\system32\config\systemprofile\.m2\repository\com\fasterxml\jackson\core\jackson-databind\2.11.4\jackson-databind-2.11.4.jar;C:\WINDOWS\system32\config\systemprofile\.m2\repository\com\fasterxml\jackson\core\jackson-annotations\2.11.4\jackson-annotations-2.11.4.jar;C:\WINDOWS\system32\config\systemprofile\.m2\repository\com\fasterxml\jackson\core\jackson-core\2.11.4\jackson-core-2.11.4.jar;C:\WINDOWS\system32\config\systemprofile\.m2\repository\com\fasterxml\jackson\datatype\jackson-datatype-jdk8\2.11.4\jackson-datatype-jdk8-2.11.4.jar;C:\WINDOWS\system32\config\systemprofile\.m2\repository\com\fasterxml\jackson\datatype\jackson-datatype-jsr310\2.11.4\jackson-datatype-jsr310-2.11.4.jar;C:\WINDOWS\system32\config\systemprofile\.m2\repository\com\fasterxml\jackson\module\jackson-module-parameter-names\2.11.4\jackson-module-parameter-names-2.11.4.jar;C:\WINDOWS\system32\config\systemprofile\.m2\repository\org\springframework\boot\spring-boot-starter-tomcat\2.4.2\spring-boot-starter-tomcat-2.4.2.jar;C:\WINDOWS\system32\config\systemprofile\.m2\repository\org\apache\tomcat\embed\tomcat-embed-core\9.0.41\tomcat-embed-core-9.0.41.jar;C:\WINDOWS\system32\config\systemprofile\.m2\repository\org\glassfish\jakarta.el\3.0.3\jakarta.el-3.0.3.jar;C:\WINDOWS\system32\config\systemprofile\.m2\repository\org\apache\tomcat\embed\tomcat-embed-websocket\9.0.41\tomcat-embed-websocket-9.0.41.jar;C:\WINDOWS\system32\config\systemprofile\.m2\repository\org\springframework\spring-web\5.3.3\spring-web-5.3.3.jar;C:\WINDOWS\system32\config\systemprofile\.m2\repository\org\springframework\spring-beans\5.3.3\spring-beans-5.3.3.jar;C:\WINDOWS\system32\config\systemprofile\.m2\repository\org\springframework\spring-webmvc\5.3.3\spring-webmvc-5.3.3.jar;C:\WINDOWS\system32\config\systemprofile\.m2\repository\org\springframework\spring-aop\5.3.3\spring-aop-5.3.3.jar;C:\WINDOWS\system32\config\systemprofile\.m2\repository\org\springframework\spring-context\5.3.3\spring-context-5.3.3.jar;C:\WINDOWS\system32\config\systemprofile\.m2\repository\org\springframework\spring-expression\5.3.3\spring-expression-5.3.3.jar;C:\WINDOWS\system32\config\systemprofile\.m2\repository\org\springframework\boot\spring-boot-devtools\2.4.2\spring-boot-devtools-2.4.2.jar;C:\WINDOWS\system32\config\systemprofile\.m2\repository\org\springframework\boot\spring-boot\2.4.2\spring-boot-2.4.2.jar;C:\WINDOWS\system32\config\systemprofile\.m2\repository\org\springframework\boot\spring-boot-autoconfigure\2.4.2\spring-boot-autoconfigure-2.4.2.jar;C:\WINDOWS\system32\config\systemprofile\.m2\repository\org\springframework\boot\spring-boot-starter-test\2.4.2\spring-boot-starter-test-2.4.2.jar;C:\WINDOWS\system32\config\systemprofile\.m2\repository\org\springframework\boot\spring-boot-test\2.4.2\spring-boot-test-2.4.2.jar;C:\WINDOWS\system32\config\systemprofile\.m2\repository\org\springframework\boot\spring-boot-test-autoconfigure\2.4.2\spring-boot-test-autoconfigure-2.4.2.jar;C:\WINDOWS\system32\config\systemprofile\.m2\repository\com\jayway\jsonpath\json-path\2.4.0\json-path-2.4.0.jar;C:\WINDOWS\system32\config\systemprofile\.m2\repository\net\minidev\json-smart\2.3\json-smart-2.3.jar;C:\WINDOWS\system32\config\systemprofile\.m2\repository\net\minidev\accessors-smart\1.2\accessors-smart-1.2.jar;C:\WINDOWS\system32\config\systemprofile\.m2\repository\org\ow2\asm\asm\5.0.4\asm-5.0.4.jar;C:\WINDOWS\system32\config\systemprofile\.m2\repository\org\slf4j\slf4j-api\1.7.30\slf4j-api-1.7.30.jar;C:\WINDOWS\system32\config\systemprofile\.m2\repository\jakarta\xml\bind\jakarta.xml.bind-api\2.3.3\jakarta.xml.bind-api-2.3.3.jar;C:\WINDOWS\system32\config\systemprofile\.m2\repository\jakarta\activation\jakarta.activation-api\1.2.2\jakarta.activation-api-1.2.2.jar;C:\WINDOWS\system32\config\systemprofile\.m2\repository\org\assertj\assertj-core\3.18.1\assertj-core-3.18.1.jar;C:\WINDOWS\system32\config\systemprofile\.m2\repository\org\hamcrest\hamcrest\2.2\hamcrest-2.2.jar;C:\WINDOWS\system32\config\systemprofile\.m2\repository\org\junit\jupiter\junit-jupiter\5.7.0\junit-jupiter-5.7.0.jar;C:\WINDOWS\system32\config\systemprofile\.m2\repository\org\junit\jupiter\junit-jupiter-api\5.7.0\junit-jupiter-api-5.7.0.jar;C:\WINDOWS\system32\config\systemprofile\.m2\repository\org\apiguardian\apiguardian-api\1.1.0\apiguardian-api-1.1.0.jar;C:\WINDOWS\system32\config\systemprofile\.m2\repository\org\opentest4j\opentest4j\1.2.0\opentest4j-1.2.0.jar;C:\WINDOWS\system32\config\systemprofile\.m2\repository\org\junit\platform\junit-platform-commons\1.7.0\junit-platform-commons-1.7.0.jar;C:\WINDOWS\system32\config\systemprofile\.m2\repository\org\junit\jupiter\junit-jupiter-params\5.7.0\junit-jupiter-params-5.7.0.jar;C:\WINDOWS\system32\config\systemprofile\.m2\repository\org\junit\jupiter\junit-jupiter-engine\5.7.0\junit-jupiter-engine-5.7.0.jar;C:\WINDOWS\system32\config\systemprofile\.m2\repository\org\junit\platform\junit-platform-engine\1.7.0\junit-platform-engine-1.7.0.jar;C:\WINDOWS\system32\config\systemprofile\.m2\repository\org\mockito\mockito-core\3.6.28\mockito-core-3.6.28.jar;C:\WINDOWS\system32\config\systemprofile\.m2\repository\net\bytebuddy\byte-buddy\1.10.19\byte-buddy-1.10.19.jar;C:\WINDOWS\system32\config\systemprofile\.m2\repository\net\bytebuddy\byte-buddy-agent\1.10.19\byte-buddy-agent-1.10.19.jar;C:\WINDOWS\system32\config\systemprofile\.m2\repository\org\objenesis\objenesis\3.1\objenesis-3.1.jar;C:\WINDOWS\system32\config\systemprofile\.m2\repository\org\mockito\mockito-junit-jupiter\3.6.28\mockito-junit-jupiter-3.6.28.jar;C:\WINDOWS\system32\config\systemprofile\.m2\repository\org\skyscreamer\jsonassert\1.5.0\jsonassert-1.5.0.jar;C:\WINDOWS\system32\config\systemprofile\.m2\repository\com\vaadin\external\google\android-json\0.0.20131108.vaadin1\android-json-0.0.20131108.vaadin1.jar;C:\WINDOWS\system32\config\systemprofile\.m2\repository\org\springframework\spring-core\5.3.3\spring-core-5.3.3.jar;C:\WINDOWS\system32\config\systemprofile\.m2\repository\org\springframework\spring-jcl\5.3.3\spring-jcl-5.3.3.jar;C:\WINDOWS\system32\config\systemprofile\.m2\repository\org\springframework\spring-test\5.3.3\spring-test-5.3.3.jar;C:\WINDOWS\system32\config\systemprofile\.m2\repository\org\xmlunit\xmlunit-core\2.7.0\xmlunit-core-2.7.0.jar;"/>
    <property name="sun.cpu.endian" value="little"/>
    <property name="user.home" value="C:\WINDOWS\system32\config\systemprofile"/>
    <property name="user.language" value="en"/>
    <property name="java.specification.vendor" value="Oracle Corporation"/>
    <property name="java.home" value="C:\Program Files\Java\jdk1.8.0_201\jre"/>
    <property name="basedir" value="E:\jenkins\jenkins-demo"/>
    <property name="file.separator" value="\"/>
    <property name="line.separator" value="&#10;"/>
    <property name="java.vm.specification.vendor" value="Oracle Corporation"/>
    <property name="java.specification.name" value="Java Platform API Specification"/>
    <property name="java.awt.graphicsenv" value="sun.awt.Win32GraphicsEnvironment"/>
    <property name="surefire.real.class.path" value="C:\WINDOWS\TEMP\surefire3403048837022415356\surefirebooter2252428706664020129.jar"/>
    <property name="sun.boot.class.path" value="C:\Program Files\Java\jdk1.8.0_201\jre\lib\resources.jar;C:\Program Files\Java\jdk1.8.0_201\jre\lib\rt.jar;C:\Program Files\Java\jdk1.8.0_201\jre\lib\sunrsasign.jar;C:\Program Files\Java\jdk1.8.0_201\jre\lib\jsse.jar;C:\Program Files\Java\jdk1.8.0_201\jre\lib\jce.jar;C:\Program Files\Java\jdk1.8.0_201\jre\lib\charsets.jar;C:\Program Files\Java\jdk1.8.0_201\jre\lib\jfr.jar;C:\Program Files\Java\jdk1.8.0_201\jre\classes"/>
    <property name="user.script" value=""/>
    <property name="sun.management.compiler" value="HotSpot 64-Bit Tiered Compilers"/>
    <property name="java.runtime.version" value="1.8.0_201-b09"/>
    <property name="user.name" value="INHYDLMOSSHAIK1$"/>
    <property name="path.separator" value=";"/>
    <property name="os.version" value="10.0"/>
    <property name="java.endorsed.dirs" value="C:\Program Files\Java\jdk1.8.0_201\jre\lib\endorsed"/>
    <property name="java.runtime.name" value="Java(TM) SE Runtime Environment"/>
    <property name="file.encoding" value="Cp1252"/>
    <property name="java.vm.name" value="Java HotSpot(TM) 64-Bit Server VM"/>
    <property name="localRepository" value="C:\WINDOWS\system32\config\systemprofile\.m2\repository"/>
    <property name="java.vendor.url.bug" value="http://bugreport.sun.com/bugreport/"/>
    <property name="java.io.tmpdir" value="C:\WINDOWS\TEMP\"/>
    <property name="java.version" value="1.8.0_201"/>
    <property name="user.dir" value="E:\jenkins\jenkins-demo"/>
    <property name="os.arch" value="amd64"/>
    <property name="java.vm.specification.name" value="Java Virtual Machine Specification"/>
    <property name="java.awt.printerjob" value="sun.awt.windows.WPrinterJob"/>
    <property name="sun.os.patch.level" value=""/>
    <property name="java.library.path" value="C:\Program Files\Java\jdk1.8.0_201\jre\bin;C:\WINDOWS\Sun\Java\bin;C:\WINDOWS\system32;C:\WINDOWS;C:\Program Files (x86)\Jenkins\tools\hudson.tasks.Maven_MavenInstallation\Apache_Maven_3.6.3/bin;C:\Program Files\Java\jdk1.8.0_201/bin;C:\Program Files\Java\jdk1.8.0_201/bin;C:\Program Files (x86)\Common Files\Oracle\Java\javapath;C:\WINDOWS\system32;C:\WINDOWS;C:\WINDOWS\System32\Wbem;C:\WINDOWS\System32\WindowsPowerShell\v1.0\;C:\Program Files (x86)\Enterprise Vault\EVClient\;C:\Program Files\Microsoft SQL Server\110\DTS\Binn\;C:\Program Files (x86)\Microsoft SQL Server\110\Tools\Binn\;C:\Program Files\Microsoft SQL Server\110\Tools\Binn\;C:\Program Files (x86)\Microsoft SQL Server\110\Tools\Binn\ManagementStudio\;C:\Program Files (x86)\Microsoft Visual Studio 10.0\Common7\IDE\PrivateAssemblies\;C:\Program Files (x86)\Microsoft SQL Server\110\DTS\Binn\;C:\Program Files\dotnet\;C:\Program Files\Microsoft SQL Server\130\Tools\Binn\;%AppData%\npm;C:\Program Files\Git\cmd;C:\Program Files (x86)\Yarn\bin\;C:\Program Files\Java\jdk1.8.0_201\bin\;E:\D_drive_data\Moulali_downloads\softwares\apache-maven-3.5.2-bin\apache-maven-3.5.2\bin;C:\WINDOWS\System32\OpenSSH\;C:\Program Files (x86)\IBM\Client Access\Emulator;C:\Program Files (x86)\IBM\Client Access\Shared;C:\Program Files (x86)\IBM\Client Access\;C:\Program Files\MongoDB\Server\4.0\bin\;C:\Program Files\Microsoft VS Code\bin;C:\Program Files\PuTTY\;E:\DOCX-PHASE-12.1-ROO\spring-roo-1.3.2.RELEASE\bin;C:\Program Files\nodejs\;C:\Program Files\MySQL\MySQL Server 8.0\bin;;C:\Program Files\Docker\Docker\resources\bin;C:\ProgramData\DockerDesktop\version-bin;C:\WINDOWS\system32\config\systemprofile\AppData\Local\Microsoft\WindowsApps;."/>
    <property name="java.vm.info" value="mixed mode"/>
    <property name="java.vendor" value="Oracle Corporation"/>
    <property name="java.vm.version" value="25.201-b09"/>
    <property name="java.ext.dirs" value="C:\Program Files\Java\jdk1.8.0_201\jre\lib\ext;C:\WINDOWS\Sun\Java\lib\ext"/>
    <property name="sun.io.unicode.encoding" value="UnicodeLittle"/>
    <property name="java.class.version" value="52.0"/>
  </properties>
  <testcase name="contextLoads" classname="com.moulali.jenkinsdemo.JenkinsDemoApplicationTests" time="0.516"/>
</testsuite>